<?xml version="1.0" encoding="UTF-8"?>
<testng-results skipped="0" failed="0" ignored="0" total="1" passed="1">
  <reporter-output>
    <line>
      <![CDATA[Customer is created successfully]]>
    </line>
  </reporter-output>
  <suite name="Default suite" duration-ms="21337" started-at="2021-04-15T08:40:15Z" finished-at="2021-04-15T08:40:36Z">
    <groups>
    </groups>
    <test name="Default test" duration-ms="21337" started-at="2021-04-15T08:40:15Z" finished-at="2021-04-15T08:40:36Z">
      <class name="com.actitime.testscripts.CustomerModule">
        <test-method status="PASS" signature="openBrowser()[pri:0, instance:com.actitime.testscripts.CustomerModule@39c0f4a]" name="openBrowser" is-config="true" duration-ms="2363" started-at="2021-04-15T08:40:15Z" finished-at="2021-04-15T08:40:17Z">
          <reporter-output>
          </reporter-output>
        </test-method> <!-- openBrowser -->
        <test-method status="PASS" signature="login()[pri:0, instance:com.actitime.testscripts.CustomerModule@39c0f4a]" name="login" is-config="true" duration-ms="7199" started-at="2021-04-15T08:40:17Z" finished-at="2021-04-15T08:40:25Z">
          <reporter-output>
          </reporter-output>
        </test-method> <!-- login -->
        <test-method status="PASS" signature="testCreateCustomer()[pri:0, instance:com.actitime.testscripts.CustomerModule@39c0f4a]" name="testCreateCustomer" duration-ms="9834" started-at="2021-04-15T08:40:25Z" finished-at="2021-04-15T08:40:34Z">
          <reporter-output>
            <line>
              <![CDATA[Customer is created successfully]]>
            </line>
          </reporter-output>
        </test-method> <!-- testCreateCustomer -->
        <test-method status="PASS" signature="logout()[pri:0, instance:com.actitime.testscripts.CustomerModule@39c0f4a]" name="logout" is-config="true" duration-ms="1766" started-at="2021-04-15T08:40:34Z" finished-at="2021-04-15T08:40:36Z">
          <reporter-output>
          </reporter-output>
        </test-method> <!-- logout -->
        <test-method status="PASS" signature="closeBrowser()[pri:0, instance:com.actitime.testscripts.CustomerModule@39c0f4a]" name="closeBrowser" is-config="true" duration-ms="157" started-at="2021-04-15T08:40:36Z" finished-at="2021-04-15T08:40:36Z">
          <reporter-output>
          </reporter-output>
        </test-method> <!-- closeBrowser -->
      </class> <!-- com.actitime.testscripts.CustomerModule -->
    </test> <!-- Default test -->
  </suite> <!-- Default suite -->
</testng-results>
